2017-06-14 10:20:11.397 ##### [140448856536896] - Correlator, version 9.12.0.0.289801 (build rel/9.12.0.x@289801 on amd64-rhel6), started.
2017-06-14 10:20:11.397 ##### [140448856536896] - Running on host 'localhost'.
2017-06-14 10:20:11.397 ##### [140448856536896] - Running on platform 'Fedora release 25 (Twenty Five)'.
2017-06-14 10:20:11.397 ##### [140448856536896] - Running on CPU 'vendor GenuineIntel family 6 model 70 stepping 1: Intel(R) Core(TM) i7-4960HQ CPU @ 2.60GHz'.
2017-06-14 10:20:11.397 ##### [140448856536896] - Running with process Id 30372.
2017-06-14 10:20:11.397 ##### [140448856536896] - Running with 15955.86MB of physical memory.
2017-06-14 10:20:11.397 ##### [140448856536896] - Operating system process limits:
2017-06-14 10:20:11.397 ##### [140448856536896] -   Limit                     Soft Limit           Hard Limit           Units     
2017-06-14 10:20:11.397 ##### [140448856536896] -   Max cpu time              unlimited            unlimited            seconds   
2017-06-14 10:20:11.397 ##### [140448856536896] -   Max file size             unlimited            unlimited            bytes     
2017-06-14 10:20:11.397 ##### [140448856536896] -   Max data size             unlimited            unlimited            bytes     
2017-06-14 10:20:11.397 ##### [140448856536896] -   Max stack size            8388608              unlimited            bytes     
2017-06-14 10:20:11.397 ##### [140448856536896] -   Max core file size        unlimited            unlimited            bytes     
2017-06-14 10:20:11.397 ##### [140448856536896] -   Max resident set          unlimited            unlimited            bytes     
2017-06-14 10:20:11.397 ##### [140448856536896] -   Max processes             62927                62927                processes 
2017-06-14 10:20:11.397 ##### [140448856536896] -   Max open files            1024                 4096                 files     
2017-06-14 10:20:11.397 ##### [140448856536896] -   Max locked memory         65536                65536                bytes     
2017-06-14 10:20:11.397 ##### [140448856536896] -   Max address space         unlimited            unlimited            bytes     
2017-06-14 10:20:11.397 ##### [140448856536896] -   Max file locks            unlimited            unlimited            locks     
2017-06-14 10:20:11.397 ##### [140448856536896] -   Max pending signals       62927                62927                signals   
2017-06-14 10:20:11.397 ##### [140448856536896] -   Max msgqueue size         819200               819200               bytes     
2017-06-14 10:20:11.397 ##### [140448856536896] -   Max nice priority         0                    0                    
2017-06-14 10:20:11.397 ##### [140448856536896] -   Max realtime priority     0                    0                    
2017-06-14 10:20:11.397 ##### [140448856536896] -   Max realtime timeout      unlimited            unlimited            us        
2017-06-14 10:20:11.397 ##### [140448856536896] -   RLIMIT_CORE = unlimited
2017-06-14 10:20:11.397 ##### [140448856536896] -   RLIMIT_AS   = unlimited
2017-06-14 10:20:11.397 ##### [140448856536896] - There are 8 CPU(s)
2017-06-14 10:20:11.397 ##### [140448856536896] - Correlator command line: correlator -f /home/antoine/workspace/docker-pysys-performance/perf004.5/Output/linux/correlator.log
2017-06-14 10:20:11.397 ##### [140448856536896] - Current Working Directory: /home/antoine/workspace/docker-pysys-performance
2017-06-14 10:20:11.397 ##### [140448856536896] - Current UTC time: 2017-06-14 00:20:11, local timezone: TZ not set so using system default
2017-06-14 10:20:11.397 ##### [140448856536896] - Input value - port                     = 15903
2017-06-14 10:20:11.397 ##### [140448856536896] - Input value - output queue size        = 10000
2017-06-14 10:20:11.397 ##### [140448856536896] - Input value - output queue batch size  = 100
2017-06-14 10:20:11.397 ##### [140448856536896] - Input value - output queue mode        = blocking
2017-06-14 10:20:11.397 ##### [140448856536896] - Input value - environment variable     = APAMA_PDE_HOME=/home/antoine/softwareag/Apama
2017-06-14 10:20:11.397 ##### [140448856536896] - Input value - environment variable     = APAMA_HOME=/home/antoine/softwareag/Apama
2017-06-14 10:20:11.397 ##### [140448856536896] - Input value - environment variable     = APAMA_DASHBOARD_HOME=/home/antoine/softwareag/Apama
2017-06-14 10:20:11.397 ##### [140448856536896] - Input value - environment variable     = APAMA_LIBRARY_VERSION=9.12
2017-06-14 10:20:11.397 ##### [140448856536896] - Input value - environment variable     = APAMA_ENVSET=9.12:/home/antoine/softwareag/Apama:amd64-rhel6
2017-06-14 10:20:11.397 ##### [140448856536896] - Input value - environment variable     = APAMA_WORK=/home/antoine/softwareag/apamawork_9.12
2017-06-14 10:20:11.397 ##### [140448856536896] - Input value - environment variable     = APAMA_JRE=/home/antoine/softwareag/Apama/../jvm/jvm/jre
2017-06-14 10:20:11.397 ##### [140448856536896] - Input value - environment variable     = APAMA_PLATFORM=amd64-rhel6
2017-06-14 10:20:11.397 ##### [140448856536896] - Input value - environment variable     = APAMA_DEV_HOME=/home/antoine/softwareag/Apama
2017-06-14 10:20:11.397 ##### [140448856536896] - Input value - environment variable     = APAMA_MANAGEMENT_HOME=/home/antoine/softwareag/Apama
2017-06-14 10:20:11.397 ##### [140448856536896] - Input value - environment variable     = APAMA_COMMON_JRE=/home/antoine/softwareag/Apama/../jvm/jvm/jre
2017-06-14 10:20:11.397 ##### [140448856536896] - Input value - environment variable     = APAMA_CORRELATOR_HOME=/home/antoine/softwareag/Apama
2017-06-14 10:20:11.397 ##### [140448856536896] - Using memory allocator                 = TBB scalable allocator
2017-06-14 10:20:11.397 ##### [140448856536896] - License File: /home/antoine/softwareag/apamawork_9.12/license/ApamaServerLicense.xml
2017-06-14 10:20:11.399 ##### [140448856536896] - ================= Software AG License Data =================
2017-06-14 10:20:11.399 ##### [140448856536896] - Sales Information
2017-06-14 10:20:11.399 ##### [140448856536896] -      Serial Number      : 0000307156
2017-06-14 10:20:11.399 ##### [140448856536896] -      Customer ID        : 7508281
2017-06-14 10:20:11.399 ##### [140448856536896] -      Customer Name      : Relative Technologies Pty Ltd 
2017-06-14 10:20:11.399 ##### [140448856536896] - Product Information
2017-06-14 10:20:11.399 ##### [140448856536896] -      Product Name       : Apama Server
2017-06-14 10:20:11.399 ##### [140448856536896] -      Product Code       : PAMCO
2017-06-14 10:20:11.399 ##### [140448856536896] -      Operating System   : Linux
2017-06-14 10:20:11.399 ##### [140448856536896] -      Product Version    : 9.12
2017-06-14 10:20:11.399 ##### [140448856536896] -      Product Usage      : Production
2017-06-14 10:20:11.399 ##### [140448856536896] -      Expiration Date    : Unlimited
2017-06-14 10:20:11.399 ##### [140448856536896] - License Information
2017-06-14 10:20:11.399 ##### [140448856536896] -      License Type       : Standard License
2017-06-14 10:20:11.399 ##### [140448856536896] -      Price Unit         : ST
2017-06-14 10:20:11.399 ##### [140448856536896] -      Price Quantity     : 1
2017-06-14 10:20:11.399 ##### [140448856536896] -      Extended Rights    : 
2017-06-14 10:20:11.399 ##### [140448856536896] -      License Version    : 1.2
2017-06-14 10:20:11.399 ##### [140448856536896] - Physical Hardware
2017-06-14 10:20:11.399 ##### [140448856536896] -      Model              : Intel(R) Core(TM) i7-4960HQ CPU @ 2.60GHz
2017-06-14 10:20:11.399 ##### [140448856536896] -      Sockets            : 1
2017-06-14 10:20:11.399 ##### [140448856536896] -      Physical cores     : 4
2017-06-14 10:20:11.399 ##### [140448856536896] -      Logical cores      : 8
2017-06-14 10:20:11.399 ##### [140448856536896] -      Performance Bucket : CoreB
2017-06-14 10:20:11.399 ##### [140448856536896] -      Virtualization     : no
2017-06-14 10:20:11.399 ##### [140448856536896] - ==================== End License Data ======================
2017-06-14 10:20:11.399 ##### [140448856536896] - 
2017-06-14 10:20:11.399 ##### [140448856536896] - Input value - pidfile                  = 
2017-06-14 10:20:11.399 ##### [140448856536896] - Input value - per receiver queue size  = 10 s
2017-06-14 10:20:11.399 ##### [140448856536896] - Input value - per receiver queue size  = 10240 kb
2017-06-14 10:20:11.399 ##### [140448856536896] - Input value - input queue size         = 20000
2017-06-14 10:20:11.399 ##### [140448856536896] - Java application support               = disabled
2017-06-14 10:20:11.399 ##### [140448856536896] - External clocking                      = disabled
2017-06-14 10:20:11.399 ##### [140448856536896] - Input value - logfile                  = /home/antoine/workspace/docker-pysys-performance/perf004.5/Output/linux/correlator.log
2017-06-14 10:20:11.399 ##### [140448856536896] - Input value - loglevel                 = INFO
2017-06-14 10:20:11.399 ##### [140448856536896] - Input value - inputLog                 = ** Warning input log not enabled **
2017-06-14 10:20:11.399 ##### [140448856536896] - Compiler optimizations                 = enabled - the debugger cannot be used; specify command line option "-g" to use it.
2017-06-14 10:20:11.399 ##### [140448856536896] - Using EPL runtime                      = interpreted
2017-06-14 10:20:11.401 CRIT  [140448856536896] - Received a SIGTERM (15) signal, shutting down
2017-06-14 10:20:11.402 INFO  [140448856536896] - Will log queue size every 5.000000 seconds
2017-06-14 10:20:11.402 INFO  [140448856536896] - Starting scheduler with 8 threads (determined from hardware)
2017-06-14 10:20:11.501 INFO  [140448856536896] - Correlator shutdown is complete
